{"level":"info","message":"Doctor Panel Server running on port 3000","timestamp":"2024-12-07T20:48:57.478Z"}
{"level":"info","message":"Doctor Panel Server running on port 3000","timestamp":"2024-12-07T20:55:07.750Z"}
{"level":"info","message":"MongoDB Connected: cluster0-shard-00-01.bdose.mongodb.net","timestamp":"2024-12-07T20:55:09.189Z"}
{"level":"info","message":"Doctor Panel Server running on port 3000","timestamp":"2024-12-07T21:13:32.492Z"}
{"level":"info","message":"Doctor Panel Server running on port 3000","timestamp":"2024-12-07T21:13:51.502Z"}
{"level":"info","message":"Doctor Panel Server running on port 3000","timestamp":"2024-12-07T21:14:31.967Z"}
{"level":"info","message":"Doctor Panel Server running on port 3000","timestamp":"2024-12-07T21:14:41.949Z"}
{"level":"info","message":"Doctor Panel Server running on port 3000","timestamp":"2024-12-07T21:40:54.702Z"}
{"level":"info","message":"MongoDB Connected: cluster0-shard-00-00.bdose.mongodb.net","timestamp":"2024-12-07T21:40:56.228Z"}
{"level":"info","message":"Server running on port 3000","timestamp":"2024-12-07T22:20:40.160Z"}
{"level":"info","message":"Server running on port 3000","timestamp":"2024-12-07T22:29:31.534Z"}
{"level":"info","message":"MongoDB Connected: cluster0-shard-00-00.bdose.mongodb.net","timestamp":"2024-12-07T22:29:33.039Z"}
{"level":"info","message":"New user registered: balapa9830@kindomd.com","timestamp":"2024-12-07T22:32:45.959Z"}
{"level":"info","message":"Server running on port 3000","timestamp":"2024-12-07T22:42:02.012Z"}
{"level":"info","message":"MongoDB Connected: cluster0-shard-00-00.bdose.mongodb.net","timestamp":"2024-12-07T22:42:03.223Z"}
{"level":"info","message":"Server running on port 3000","timestamp":"2024-12-07T23:06:38.205Z"}
{"level":"info","message":"MongoDB Connected: cluster0-shard-00-00.bdose.mongodb.net","timestamp":"2024-12-07T23:06:39.550Z"}
{"level":"info","message":"Server running on port 3000","timestamp":"2024-12-07T23:15:10.610Z"}
{"level":"info","message":"MongoDB Connected: cluster0-shard-00-00.bdose.mongodb.net","timestamp":"2024-12-07T23:15:11.824Z"}
{"level":"info","message":"Server running on port 3000","timestamp":"2024-12-07T23:53:06.003Z"}
{"level":"info","message":"Server running on port 3000","timestamp":"2024-12-07T23:53:23.006Z"}
{"level":"error","message":"Login error: Operation `users.findOne()` buffering timed out after 10000ms","timestamp":"2024-12-07T23:57:05.107Z"}
{"level":"error","message":"Login error: Operation `users.findOne()` buffering timed out after 10000ms","timestamp":"2024-12-08T00:00:41.897Z"}
{"level":"info","message":"Server running on port 3000","timestamp":"2024-12-08T06:30:06.580Z"}
{"level":"info","message":"User logged in: a.b@gmail.com","timestamp":"2024-12-08T06:31:01.110Z"}
{"level":"info","message":"POST /api/auth/login 200","timestamp":"2024-12-08T06:31:01.129Z"}
{"level":"info","message":"GET /api/dashboard/stats 500","timestamp":"2024-12-08T06:31:01.563Z"}
{"level":"info","message":"GET /api/appointments 304","timestamp":"2024-12-08T06:31:01.580Z"}
{"level":"info","message":"GET /api/dashboard/stats 500","timestamp":"2024-12-08T06:31:02.722Z"}
{"level":"info","message":"GET /api/dashboard/stats 500","timestamp":"2024-12-08T06:31:04.876Z"}
{"level":"info","message":"GET /api/dashboard/stats 500","timestamp":"2024-12-08T06:31:09.028Z"}
{"level":"info","message":"GET /api/dashboard/stats 500","timestamp":"2024-12-08T06:32:30.269Z"}
{"level":"info","message":"GET /api/appointments 304","timestamp":"2024-12-08T06:32:30.285Z"}
{"level":"info","message":"GET /api/dashboard/stats 500","timestamp":"2024-12-08T06:32:31.602Z"}
{"level":"info","message":"GET /api/dashboard/stats 500","timestamp":"2024-12-08T06:32:33.828Z"}
{"level":"info","message":"GET /api/appointments 304","timestamp":"2024-12-08T06:32:37.334Z"}
{"level":"info","message":"GET /api/dashboard/stats 500","timestamp":"2024-12-08T06:32:38.254Z"}
{"level":"info","message":"GET /api/dashboard/stats 500","timestamp":"2024-12-08T06:33:06.223Z"}
{"level":"info","message":"GET /api/appointments 304","timestamp":"2024-12-08T06:33:06.233Z"}
{"level":"info","message":"GET /api/dashboard/stats 500","timestamp":"2024-12-08T06:33:07.513Z"}
{"level":"info","message":"GET /api/dashboard/stats 500","timestamp":"2024-12-08T06:33:09.667Z"}
{"level":"info","message":"GET /api/dashboard/stats 500","timestamp":"2024-12-08T06:33:13.810Z"}
{"level":"info","message":"GET /api/auth/verify 404","timestamp":"2024-12-08T06:33:58.127Z"}
{"level":"info","message":"GET /api/auth/verify 404","timestamp":"2024-12-08T06:33:58.142Z"}
{"level":"info","message":"User logged in: a.b@gmail.com","timestamp":"2024-12-08T06:34:00.922Z"}
{"level":"info","message":"POST /api/auth/login 200","timestamp":"2024-12-08T06:34:00.924Z"}
{"level":"info","message":"GET /api/dashboard/stats 500","timestamp":"2024-12-08T06:34:01.281Z"}
{"level":"info","message":"GET /api/appointments 304","timestamp":"2024-12-08T06:34:01.287Z"}
{"level":"info","message":"GET /api/dashboard/stats 500","timestamp":"2024-12-08T06:34:02.430Z"}
{"level":"info","message":"GET /api/dashboard/stats 500","timestamp":"2024-12-08T06:34:04.573Z"}
{"level":"info","message":"Server running on port 3000","timestamp":"2024-12-08T11:55:51.563Z"}
{"level":"info","message":"Server running on port 3000","timestamp":"2024-12-08T12:02:14.756Z"}
{"level":"info","message":"Shutting down server...","timestamp":"2024-12-08T12:02:15.357Z"}
{"level":"info","message":"Server running on port 3000","timestamp":"2024-12-08T12:02:37.012Z"}
{"level":"info","message":"Server running on port 3000","timestamp":"2024-12-08T12:06:44.603Z"}
{"level":"info","message":"Server running on port 3000","timestamp":"2024-12-08T12:07:50.291Z"}
{"level":"info","message":"Server running on port 3000","timestamp":"2024-12-08T12:08:20.411Z"}
